This is pdfTeX, Version 3.14159265-2.6-1.40.19 (MiKTeX 2.9.6800 64-bit) (preloaded format=pdflatex 2018.9.30)  16 OCT 2018 22:03
entering extended mode
**d:/MachineLearning/courses/cs229ps/CS229_2018/ps1/tex/ps1.tex
(d:/MachineLearning/courses/cs229ps/CS229_2018/ps1/tex/ps1.tex
LaTeX2e <2018-04-01> patch level 5
("C:\Users\Harold\AppData\Local\Programs\MiKTeX 2.9\tex\latex\base\article.cls"
Document Class: article 2014/09/29 v1.4h Standard LaTeX document class
("C:\Users\Harold\AppData\Local\Programs\MiKTeX 2.9\tex\latex\base\size10.clo"
File: size10.clo 2014/09/29 v1.4h Standard LaTeX file (size option)
)
\c@part=\count80
\c@section=\count81
\c@subsection=\count82
\c@subsubsection=\count83
\c@paragraph=\count84
\c@subparagraph=\count85
\c@figure=\count86
\c@table=\count87
\abovecaptionskip=\skip41
\belowcaptionskip=\skip42
\bibindent=\dimen102
) ("C:\Users\Harold\AppData\Local\Programs\MiKTeX 2.9\tex\latex\graphics\graphicx.sty"
Package: graphicx 2017/06/01 v1.1a Enhanced LaTeX Graphics (DPC,SPQR)
 ("C:\Users\Harold\AppData\Local\Programs\MiKTeX 2.9\tex\latex\graphics\keyval.sty"
Package: keyval 2014/10/28 v1.15 key=value parser (DPC)
\KV@toks@=\toks14
) ("C:\Users\Harold\AppData\Local\Programs\MiKTeX 2.9\tex\latex\graphics\graphics.sty"
Package: graphics 2017/06/25 v1.2c Standard LaTeX Graphics (DPC,SPQR)
 ("C:\Users\Harold\AppData\Local\Programs\MiKTeX 2.9\tex\latex\graphics\trig.sty"
Package: trig 2016/01/03 v1.10 sin cos tan (DPC)
) ("C:\Users\Harold\AppData\Local\Programs\MiKTeX 2.9\tex\latex\graphics-cfg\graphics.cfg"
File: graphics.cfg 2016/06/04 v1.11 sample graphics configuration
)
Package graphics Info: Driver file: pdftex.def on input line 99.
 ("C:\Users\Harold\AppData\Local\Programs\MiKTeX 2.9\tex\latex\graphics-def\pdftex.def"
File: pdftex.def 2018/01/08 v1.0l Graphics/color driver for pdftex
))
\Gin@req@height=\dimen103
\Gin@req@width=\dimen104
) ("C:\Users\Harold\AppData\Local\Programs\MiKTeX 2.9\tex\latex\caption\caption.sty"
Package: caption 2018/05/01 v3.3-147 Customizing captions (AR)
 ("C:\Users\Harold\AppData\Local\Programs\MiKTeX 2.9\tex\latex\caption\caption3.sty"
Package: caption3 2018/05/27 v1.8a caption3 kernel (AR)
Package caption3 Info: TeX engine: e-TeX on input line 64.
\captionmargin=\dimen105
\captionmargin@=\dimen106
\captionwidth=\dimen107
\caption@tempdima=\dimen108
\caption@indent=\dimen109
\caption@parindent=\dimen110
\caption@hangindent=\dimen111
)
\c@ContinuedFloat=\count88
) ("C:\Users\Harold\AppData\Local\Programs\MiKTeX 2.9\tex\latex\enumitem\enumitem.sty"
Package: enumitem 2011/09/28 v3.5.2 Customized lists
\labelindent=\skip43
\enit@outerparindent=\dimen112
\enit@toks=\toks15
\enit@inbox=\box26
\enitdp@description=\count89
) ("C:\Users\Harold\AppData\Local\Programs\MiKTeX 2.9\tex\latex\oberdiek\epstopdf.sty"
Package: epstopdf 2016/05/15 v2.6 Conversion with epstopdf on the fly (HO)
 ("C:\Users\Harold\AppData\Local\Programs\MiKTeX 2.9\tex\latex\oberdiek\epstopdf-base.sty"
Package: epstopdf-base 2016/05/15 v2.6 Base part for package epstopdf
 ("C:\Users\Harold\AppData\Local\Programs\MiKTeX 2.9\tex\generic\oberdiek\infwarerr.sty"
Package: infwarerr 2016/05/16 v1.4 Providing info/warning/error messages (HO)
) ("C:\Users\Harold\AppData\Local\Programs\MiKTeX 2.9\tex\latex\oberdiek\grfext.sty"
Package: grfext 2016/05/16 v1.2 Manage graphics extensions (HO)
 ("C:\Users\Harold\AppData\Local\Programs\MiKTeX 2.9\tex\generic\oberdiek\kvdefinekeys.sty"
Package: kvdefinekeys 2016/05/16 v1.4 Define keys (HO)
 ("C:\Users\Harold\AppData\Local\Programs\MiKTeX 2.9\tex\generic\oberdiek\ltxcmds.sty"
Package: ltxcmds 2016/05/16 v1.23 LaTeX kernel commands for general use (HO)
))) ("C:\Users\Harold\AppData\Local\Programs\MiKTeX 2.9\tex\latex\oberdiek\kvoptions.sty"
Package: kvoptions 2016/05/16 v3.12 Key value format for package options (HO)
 ("C:\Users\Harold\AppData\Local\Programs\MiKTeX 2.9\tex\generic\oberdiek\kvsetkeys.sty"
Package: kvsetkeys 2016/05/16 v1.17 Key value parser (HO)
 ("C:\Users\Harold\AppData\Local\Programs\MiKTeX 2.9\tex\generic\oberdiek\etexcmds.sty"
Package: etexcmds 2016/05/16 v1.6 Avoid name clashes with e-TeX commands (HO)
 ("C:\Users\Harold\AppData\Local\Programs\MiKTeX 2.9\tex\generic\oberdiek\ifluatex.sty"
Package: ifluatex 2016/05/16 v1.4 Provides the ifluatex switch (HO)
Package ifluatex Info: LuaTeX not detected.
)
Package etexcmds Info: Could not find \expanded.
(etexcmds)             That can mean that you are not using pdfTeX 1.50 or
(etexcmds)             that some package has redefined \expanded.
(etexcmds)             In the latter case, load this package earlier.
))) ("C:\Users\Harold\AppData\Local\Programs\MiKTeX 2.9\tex\generic\oberdiek\pdftexcmds.sty"
Package: pdftexcmds 2018/01/30 v0.27 Utility functions of pdfTeX for LuaTeX (HO)
 ("C:\Users\Harold\AppData\Local\Programs\MiKTeX 2.9\tex\generic\oberdiek\ifpdf.sty"
Package: ifpdf 2017/03/15 v3.2 Provides the ifpdf switch
)
Package pdftexcmds Info: LuaTeX not detected.
Package pdftexcmds Info: \pdf@primitive is available.
Package pdftexcmds Info: \pdf@ifprimitive is available.
Package pdftexcmds Info: \pdfdraftmode found.
)
Package epstopdf-base Info: Redefining graphics rule for `.eps' on input line 438.
Package grfext Info: Graphics extension search list:
(grfext)             [.pdf,.png,.jpg,.mps,.jpeg,.jbig2,.jb2,.PDF,.PNG,.JPG,.JPEG,.JBIG2,.JB2,.eps]
(grfext)             \AppendGraphicsExtensions on input line 456.
)) ("C:\Users\Harold\AppData\Local\Programs\MiKTeX 2.9\tex\latex\caption\subcaption.sty"
Package: subcaption 2018/05/01 v1.1-162 Sub-captions (AR)
\c@subfigure=\count90
\c@subtable=\count91
) ("C:\Users\Harold\AppData\Local\Programs\MiKTeX 2.9\tex\latex\psfrag\psfrag.sty"
Package: psfrag 1998/04/11 v3.04 PSfrag (MCG)
\pfg@pcount=\count92
\pfg@scount=\count93
\pfg@temp=\write3
) ("C:\Users\Harold\AppData\Local\Programs\MiKTeX 2.9\tex\latex\amsmath\amsmath.sty"
Package: amsmath 2017/09/02 v2.17a AMS math features
\@mathmargin=\skip44

For additional information on amsmath, use the `?' option.
("C:\Users\Harold\AppData\Local\Programs\MiKTeX 2.9\tex\latex\amsmath\amstext.sty"
Package: amstext 2000/06/29 v2.01 AMS text
 ("C:\Users\Harold\AppData\Local\Programs\MiKTeX 2.9\tex\latex\amsmath\amsgen.sty"
File: amsgen.sty 1999/11/30 v2.0 generic functions
\@emptytoks=\toks16
\ex@=\dimen113
)) ("C:\Users\Harold\AppData\Local\Programs\MiKTeX 2.9\tex\latex\amsmath\amsbsy.sty"
Package: amsbsy 1999/11/29 v1.2d Bold Symbols
\pmbraise@=\dimen114
) ("C:\Users\Harold\AppData\Local\Programs\MiKTeX 2.9\tex\latex\amsmath\amsopn.sty"
Package: amsopn 2016/03/08 v2.02 operator names
)
\inf@bad=\count94
LaTeX Info: Redefining \frac on input line 213.
\uproot@=\count95
\leftroot@=\count96
LaTeX Info: Redefining \overline on input line 375.
\classnum@=\count97
\DOTSCASE@=\count98
LaTeX Info: Redefining \ldots on input line 472.
LaTeX Info: Redefining \dots on input line 475.
LaTeX Info: Redefining \cdots on input line 596.
\Mathstrutbox@=\box27
\strutbox@=\box28
\big@size=\dimen115
LaTeX Font Info:    Redeclaring font encoding OML on input line 712.
LaTeX Font Info:    Redeclaring font encoding OMS on input line 713.
\macc@depth=\count99
\c@MaxMatrixCols=\count100
\dotsspace@=\muskip10
\c@parentequation=\count101
\dspbrk@lvl=\count102
\tag@help=\toks17
\row@=\count103
\column@=\count104
\maxfields@=\count105
\andhelp@=\toks18
\eqnshift@=\dimen116
\alignsep@=\dimen117
\tagshift@=\dimen118
\tagwidth@=\dimen119
\totwidth@=\dimen120
\lineht@=\dimen121
\@envbody=\toks19
\multlinegap=\skip45
\multlinetaggap=\skip46
\mathdisplay@stack=\toks20
LaTeX Info: Redefining \[ on input line 2817.
LaTeX Info: Redefining \] on input line 2818.
) ("C:\Users\Harold\AppData\Local\Programs\MiKTeX 2.9\tex\latex\amsfonts\amssymb.sty"
Package: amssymb 2013/01/14 v3.01 AMS font symbols
 ("C:\Users\Harold\AppData\Local\Programs\MiKTeX 2.9\tex\latex\amsfonts\amsfonts.sty"
Package: amsfonts 2013/01/14 v3.01 Basic AMSFonts support
\symAMSa=\mathgroup4
\symAMSb=\mathgroup5
LaTeX Font Info:    Overwriting math alphabet `\mathfrak' in version `bold'
(Font)                  U/euf/m/n --> U/euf/b/n on input line 106.
)) ("C:\Users\Harold\AppData\Local\Programs\MiKTeX 2.9\tex\latex\epsf\epsf.sty"
This is `epsf.tex' v2.7.4 <14 February 2011>
\epsffilein=\read1
\epsfframemargin=\dimen122
\epsfframethickness=\dimen123
\epsfrsize=\dimen124
\epsftmp=\dimen125
\epsftsize=\dimen126
\epsfxsize=\dimen127
\epsfysize=\dimen128
\pspoints=\dimen129
) ("C:\Users\Harold\AppData\Local\Programs\MiKTeX 2.9\tex\latex\tools\verbatim.sty"
Package: verbatim 2014/10/28 v1.5q LaTeX2e package for verbatim enhancements
\every@verbatim=\toks21
\verbatim@line=\toks22
\verbatim@in@stream=\read2
) ("C:\Users\Harold\AppData\Local\Programs\MiKTeX 2.9\tex\latex\url\url.sty"
\Urlmuskip=\muskip11
Package: url 2013/09/16  ver 3.4  Verb mode for urls, etc.
) ("C:\Users\Harold\AppData\Local\Programs\MiKTeX 2.9\tex\latex\graphics\color.sty"
Package: color 2016/07/10 v1.1e Standard LaTeX Color (DPC)
 ("C:\Users\Harold\AppData\Local\Programs\MiKTeX 2.9\tex\latex\graphics-cfg\color.cfg"
File: color.cfg 2016/01/02 v1.6 sample color configuration
)
Package color Info: Driver file: pdftex.def on input line 147.
) ("C:\Users\Harold\AppData\Local\Programs\MiKTeX 2.9\tex\latex\bbm\bbm.sty"
Package: bbm 1999/03/15 V 1.2 provides fonts for set symbols - TH
LaTeX Font Info:    Overwriting math alphabet `\mathbbm' in version `bold'
(Font)                  U/bbm/m/n --> U/bbm/bx/n on input line 33.
LaTeX Font Info:    Overwriting math alphabet `\mathbbmss' in version `bold'
(Font)                  U/bbmss/m/n --> U/bbmss/bx/n on input line 35.
) ("C:\Users\Harold\AppData\Local\Programs\MiKTeX 2.9\tex\latex\listings\listings.sty"
\lst@mode=\count106
\lst@gtempboxa=\box29
\lst@token=\toks23
\lst@length=\count107
\lst@currlwidth=\dimen130
\lst@column=\count108
\lst@pos=\count109
\lst@lostspace=\dimen131
\lst@width=\dimen132
\lst@newlines=\count110
\lst@lineno=\count111
\lst@maxwidth=\dimen133
 ("C:\Users\Harold\AppData\Local\Programs\MiKTeX 2.9\tex\latex\listings\lstmisc.sty"
File: lstmisc.sty 2018/09/02 1.7 (Carsten Heinz)
\c@lstnumber=\count112
\lst@skipnumbers=\count113
\lst@framebox=\box30
) ("C:\Users\Harold\AppData\Local\Programs\MiKTeX 2.9\tex\latex\listings\listings.cfg"
File: listings.cfg 2018/09/02 1.7 listings configuration
))
Package: listings 2018/09/02 1.7 (Carsten Heinz)
 ("C:\Users\Harold\AppData\Local\Programs\MiKTeX 2.9\tex\latex\setspace\setspace.sty"
Package: setspace 2011/12/19 v6.7a set line spacing
) ("C:\Users\Harold\AppData\Local\Programs\MiKTeX 2.9\tex\latex\float\float.sty"
Package: float 2001/11/08 v1.3d Float enhancements (AL)
\c@float@type=\count114
\float@exts=\toks24
\float@box=\box31
\@float@everytoks=\toks25
\@floatcapt=\box32
) (ps1.aux)
\openout1 = `ps1.aux'.

LaTeX Font Info:    Checking defaults for OML/cmm/m/it on input line 94.
LaTeX Font Info:    ... okay on input line 94.
LaTeX Font Info:    Checking defaults for T1/cmr/m/n on input line 94.
LaTeX Font Info:    ... okay on input line 94.
LaTeX Font Info:    Checking defaults for OT1/cmr/m/n on input line 94.
LaTeX Font Info:    ... okay on input line 94.
LaTeX Font Info:    Checking defaults for OMS/cmsy/m/n on input line 94.
LaTeX Font Info:    ... okay on input line 94.
LaTeX Font Info:    Checking defaults for OMX/cmex/m/n on input line 94.
LaTeX Font Info:    ... okay on input line 94.
LaTeX Font Info:    Checking defaults for U/cmr/m/n on input line 94.
LaTeX Font Info:    ... okay on input line 94.
 ("C:\Users\Harold\AppData\Local\Programs\MiKTeX 2.9\tex\context\base\supp-pdf.mkii"
[Loading MPS to PDF converter (version 2006.09.02).]
\scratchcounter=\count115
\scratchdimen=\dimen134
\scratchbox=\box33
\nofMPsegments=\count116
\nofMParguments=\count117
\everyMPshowfont=\toks26
\MPscratchCnt=\count118
\MPscratchDim=\dimen135
\MPnumerator=\count119
\makeMPintoPDFobject=\count120
\everyMPtoPDFconversion=\toks27
)
Package caption Info: Begin \AtBeginDocument code.
Package caption Info: float package is loaded.
Package caption Info: listings package is loaded.
Package caption Info: End \AtBeginDocument code.
\c@lstlisting=\count121

Underfull \hbox (badness 10000) in paragraph at lines 99--106

 []

(00-instructions/00-main.tex (00-instructions/01-general.tex
LaTeX Font Info:    Try loading font information for U+msa on input line 4.
 ("C:\Users\Harold\AppData\Local\Programs\MiKTeX 2.9\tex\latex\amsfonts\umsa.fd"
File: umsa.fd 2013/01/14 v3.01 AMS symbols A
)
LaTeX Font Info:    Try loading font information for U+msb on input line 4.
 ("C:\Users\Harold\AppData\Local\Programs\MiKTeX 2.9\tex\latex\amsfonts\umsb.fd"
File: umsb.fd 2013/01/14 v3.01 AMS symbols B
)) (00-instructions/02-submission.tex)) (01-linreg/00-main.tex [1
Non-PDF special ignored!
<special> header=psfrag.pro
{C:/Users/Harold/AppData/Local/MiKTeX/2.9/pdftex/config/pdftex.map}

] (01-linreg/01-logreg.tex (01-linreg/01-logreg-sol.tex [2

]
Overfull \hbox (1.24458pt too wide) in paragraph at lines 28--30
[]\OT1/cmss/m/n/10 For any vec-tor $\OML/cmm/m/it/10 z$\OT1/cmss/m/n/10 , and any given sam-ple $\OML/cmm/m/it/10 x[]$\OT1/cmss/m/n/10 , con-sider only $\OML/cmm/m/it/10 H[] \OT1/cmr/m/n/10 = \OML/cmm/m/it/10 h[]\OT1/cmr/m/n/10 (\OML/cmm/m/it/10 x[]\OT1/cmr/m/n/10 )(1 \OMS/cmsy/m/n/10   \OML/cmm/m/it/10 h[]\OT1/cmr/m/n/10 (\OML/cmm/m/it/10 x[]\OT1/cmr/m/n/10 ))\OML/cmm/m/it/10 x[]x[]$\OT1/cmss/m/n/10 : 
 []

)) (01-linreg/02-solve-logreg.tex [3] (01-linreg/02-solve-logreg-sol.tex)) (01-linreg/03-gda.tex [4

] (01-linreg/03-gda-sol.tex
Overfull \hbox (73.0513pt too wide) in alignment at lines 5--19
 [][][] []
 []

)) (01-linreg/04-gda-ll.tex [5

] (01-linreg/04-gda-ll-sol.tex [6

])) (01-linreg/05-solve-gda.tex [7] (01-linreg/05-solve-gda-sol.tex)) (01-linreg/06-plot-ds1.tex [8

] (01-linreg/06-plot-ds1-sol.tex
<../src/output/p01b_pred_1_txt_lr_valid.png, id=42, 462.528pt x 346.896pt>
File: ../src/output/p01b_pred_1_txt_lr_valid.png Graphic file (type png)
<use ../src/output/p01b_pred_1_txt_lr_valid.png>
Package pdftex.def Info: ../src/output/p01b_pred_1_txt_lr_valid.png  used on input line 5.
(pdftex.def)             Requested size: 250.36453pt x 187.77626pt.
<../src/output/p01e_pred_1_txt_gda_valid.png, id=44, 462.528pt x 346.896pt>
File: ../src/output/p01e_pred_1_txt_gda_valid.png Graphic file (type png)
<use ../src/output/p01e_pred_1_txt_gda_valid.png>
Package pdftex.def Info: ../src/output/p01e_pred_1_txt_gda_valid.png  used on input line 11.
(pdftex.def)             Requested size: 250.36453pt x 187.77626pt.
)) (01-linreg/07-plot-ds2.tex [9

 <../src/output/p01b_pred_1_txt_lr_valid.png> <../src/output/p01e_pred_1_txt_gda_valid.png>] (01-linreg/07-plot-ds2-sol.tex
<../src/output/p01b_pred_2_txt_lr_valid.png, id=50, 462.528pt x 346.896pt>
File: ../src/output/p01b_pred_2_txt_lr_valid.png Graphic file (type png)
<use ../src/output/p01b_pred_2_txt_lr_valid.png>
Package pdftex.def Info: ../src/output/p01b_pred_2_txt_lr_valid.png  used on input line 5.
(pdftex.def)             Requested size: 250.36453pt x 187.77626pt.
<../src/output/p01e_pred_2_txt_gda_valid.png, id=51, 462.528pt x 346.896pt>
File: ../src/output/p01e_pred_2_txt_gda_valid.png Graphic file (type png)
<use ../src/output/p01e_pred_2_txt_gda_valid.png>
Package pdftex.def Info: ../src/output/p01e_pred_2_txt_gda_valid.png  used on input line 11.
(pdftex.def)             Requested size: 250.36453pt x 187.77626pt.
)) (01-linreg/08-extra-credit.tex [10

 <../src/output/p01b_pred_2_txt_lr_valid.png> <../src/output/p01e_pred_2_txt_gda_valid.png>] (01-linreg/08-extra-credit-sol.tex
<../src/output/p01e_pred_1_txt_gda_valid_extra_2.png, id=57, 462.528pt x 346.896pt>
File: ../src/output/p01e_pred_1_txt_gda_valid_extra_2.png Graphic file (type png)
<use ../src/output/p01e_pred_1_txt_gda_valid_extra_2.png>
Package pdftex.def Info: ../src/output/p01e_pred_1_txt_gda_valid_extra_2.png  used on input line 13.
(pdftex.def)             Requested size: 250.36453pt x 187.77626pt.
<../src/output/p01e_pred_1_txt_gda_valid_extra_4.png, id=58, 462.528pt x 346.896pt>
File: ../src/output/p01e_pred_1_txt_gda_valid_extra_4.png Graphic file (type png)
<use ../src/output/p01e_pred_1_txt_gda_valid_extra_4.png>
Package pdftex.def Info: ../src/output/p01e_pred_1_txt_gda_valid_extra_4.png  used on input line 19.
(pdftex.def)             Requested size: 250.36453pt x 187.77626pt.
<../src/output/p01e_pred_1_txt_gda_valid_extra_log.png, id=59, 462.528pt x 346.896pt>
File: ../src/output/p01e_pred_1_txt_gda_valid_extra_log.png Graphic file (type png)
<use ../src/output/p01e_pred_1_txt_gda_valid_extra_log.png>
Package pdftex.def Info: ../src/output/p01e_pred_1_txt_gda_valid_extra_log.png  used on input line 25.
(pdftex.def)             Requested size: 250.36453pt x 187.77626pt.


LaTeX Warning: `h' float specifier changed to `ht'.

))) (02-posonly/00-main.tex [11

 <../src/output/p01e_pred_1_txt_gda_valid_extra_2.png> <../src/output/p01e_pred_1_txt_gda_valid_extra_4.png>] [12 <../src/output/p01e_pred_1_txt_gda_valid_extra_log.png>] (02-posonly/01-constant.tex (02-posonly/01-constant-sol.tex [13

])) (02-posonly/02-estimate-alpha.tex [14] (02-posonly/02-estimate-alpha-sol.tex)) (02-posonly/03-train-t-labels.tex [15

] (02-posonly/03-train-t-labels-sol.tex)) (02-posonly/04-train-y-labels.tex [16

] (02-posonly/04-train-y-labels-sol.tex)) (02-posonly/05-plot.tex [17

] (02-posonly/05-plot-sol.tex
<../src/output/p02c_pred_txt_test.png, id=86, 462.528pt x 346.896pt>
File: ../src/output/p02c_pred_txt_test.png Graphic file (type png)
<use ../src/output/p02c_pred_txt_test.png>
Package pdftex.def Info: ../src/output/p02c_pred_txt_test.png  used on input line 5.
(pdftex.def)             Requested size: 250.36453pt x 187.77626pt.
<../src/output/p02d_pred_txt_test.png, id=87, 462.528pt x 346.896pt>
File: ../src/output/p02d_pred_txt_test.png Graphic file (type png)
<use ../src/output/p02d_pred_txt_test.png>
Package pdftex.def Info: ../src/output/p02d_pred_txt_test.png  used on input line 11.
(pdftex.def)             Requested size: 250.36453pt x 187.77626pt.


LaTeX Warning: `h' float specifier changed to `ht'.

<../src/output/p02e_pred_txt_test_pred.png, id=88, 462.528pt x 346.896pt>
File: ../src/output/p02e_pred_txt_test_pred.png Graphic file (type png)
<use ../src/output/p02e_pred_txt_test_pred.png>
Package pdftex.def Info: ../src/output/p02e_pred_txt_test_pred.png  used on input line 17.
(pdftex.def)             Requested size: 250.36453pt x 187.77626pt.

LaTeX Warning: `h' float specifier changed to `ht'.

))) (03-poisson/00-main.tex [18

 <../src/output/p02c_pred_txt_test.png>] [19 <../src/output/p02d_pred_txt_test.png> <../src/output/p02e_pred_txt_test_pred.png>] (03-poisson/01-exponential.tex (03-poisson/01-exponential-sol.tex)) (03-poisson/02-response-fn.tex [20

] (03-poisson/02-response-fn-sol.tex)) (03-poisson/03-gd-update.tex [21

] (03-poisson/03-gd-update-sol.tex)) (03-poisson/04-regression.tex [22

] (03-poisson/04-regression-sol.tex))) (04-glm-convexity/00-main.tex [23

] (04-glm-convexity/01-mean.tex [24

] (04-glm-convexity/01-mean-sol.tex)) (04-glm-convexity/02-var.tex [25

] (04-glm-convexity/02-var-sol.tex)) (04-glm-convexity/03-hessian.tex [26

] (04-glm-convexity/03-hessian-sol.tex))
LaTeX Font Info:    Try loading font information for OMS+cmr on input line 50.
 ("C:\Users\Harold\AppData\Local\Programs\MiKTeX 2.9\tex\latex\base\omscmr.fd"
File: omscmr.fd 2014/09/29 v2.5h Standard LaTeX font definitions
)
LaTeX Font Info:    Font shape `OMS/cmr/m/n' in size <10> not available
(Font)              Font shape `OMS/cmsy/m/n' tried instead on input line 50.
) (05-weighted/00-main.tex [27

] (05-weighted/01-intro.tex (05-weighted/01-intro-sol.tex [28

])) (05-weighted/02-impl.tex [29] (05-weighted/02-impl-sol.tex
<../src/output/p05b_lwr_pred.png, id=130, 462.528pt x 346.896pt>
File: ../src/output/p05b_lwr_pred.png Graphic file (type png)
<use ../src/output/p05b_lwr_pred.png>
Package pdftex.def Info: ../src/output/p05b_lwr_pred.png  used on input line 9.
(pdftex.def)             Requested size: 250.36453pt x 187.77626pt.
)) (05-weighted/03-tau.tex [30

 <../src/output/p05b_lwr_pred.png>]
Overfull \hbox (0.3484pt too wide) in paragraph at lines 2--10
[]\OT1/cmr/m/n/10 [5 points] \OT1/cmr/bx/n/10 Cod-ing prob-lem. \OT1/cmr/m/n/10 We will now tune the hy-per-pa-ram-e-ter $\OML/cmm/m/it/10 $\OT1/cmr/m/n/10 . In \OT1/cmtt/m/n/10 src/p05c[]tau.py\OT1/cmr/m/n/10 ,
 []

(05-weighted/03-tau-sol.tex
<../src/output/p05c_pred_0.png, id=135, 462.528pt x 346.896pt>
File: ../src/output/p05c_pred_0.png Graphic file (type png)
<use ../src/output/p05c_pred_0.png>
Package pdftex.def Info: ../src/output/p05c_pred_0.png  used on input line 15.
(pdftex.def)             Requested size: 250.36453pt x 187.77626pt.
<../src/output/p05c_pred_1.png, id=136, 462.528pt x 346.896pt>
File: ../src/output/p05c_pred_1.png Graphic file (type png)
<use ../src/output/p05c_pred_1.png>
Package pdftex.def Info: ../src/output/p05c_pred_1.png  used on input line 21.
(pdftex.def)             Requested size: 250.36453pt x 187.77626pt.


LaTeX Warning: `h' float specifier changed to `ht'.

<../src/output/p05c_pred_2.png, id=137, 462.528pt x 346.896pt>
File: ../src/output/p05c_pred_2.png Graphic file (type png)
<use ../src/output/p05c_pred_2.png>
Package pdftex.def Info: ../src/output/p05c_pred_2.png  used on input line 27.
(pdftex.def)             Requested size: 250.36453pt x 187.77626pt.

LaTeX Warning: `h' float specifier changed to `ht'.

<../src/output/p05c_pred_3.png, id=138, 462.528pt x 346.896pt>
File: ../src/output/p05c_pred_3.png Graphic file (type png)
<use ../src/output/p05c_pred_3.png>
Package pdftex.def Info: ../src/output/p05c_pred_3.png  used on input line 33.
(pdftex.def)             Requested size: 250.36453pt x 187.77626pt.

LaTeX Warning: `h' float specifier changed to `ht'.

<../src/output/p05c_pred_4.png, id=139, 462.528pt x 346.896pt>
File: ../src/output/p05c_pred_4.png Graphic file (type png)
<use ../src/output/p05c_pred_4.png>
Package pdftex.def Info: ../src/output/p05c_pred_4.png  used on input line 39.
(pdftex.def)             Requested size: 250.36453pt x 187.77626pt.

LaTeX Warning: `h' float specifier changed to `ht'.

<../src/output/p05c_pred_5.png, id=140, 462.528pt x 346.896pt>
File: ../src/output/p05c_pred_5.png Graphic file (type png)
<use ../src/output/p05c_pred_5.png>
Package pdftex.def Info: ../src/output/p05c_pred_5.png  used on input line 45.
(pdftex.def)             Requested size: 250.36453pt x 187.77626pt.

LaTeX Warning: `h' float specifier changed to `ht'.

))) [31

 <../src/output/p05c_pred_0.png>] [32 <../src/output/p05c_pred_1.png> <../src/output/p05c_pred_2.png>] [33 <../src/output/p05c_pred_3.png> <../src/output/p05c_pred_4.png>] [34 <../src/output/p05c_pred_5.png>] (ps1.aux) ) 
Here is how much of TeX's memory you used:
 5737 strings out of 492973
 93458 string characters out of 3126249
 154221 words of memory out of 3000000
 9339 multiletter control sequences out of 15000+200000
 7118 words of font info for 28 fonts, out of 3000000 for 9000
 1141 hyphenation exceptions out of 8191
 42i,12n,39p,370b,564s stack positions out of 5000i,500n,10000p,200000b,50000s
<C:/Users/Harold/AppData/Local/Programs/MiKTeX 2.9/fonts/type1/public/amsfonts/cm/cmbx10.pfb><C:/Users/Harold/AppData/Local/Programs/MiKTeX 2.9/fonts/type1/public/amsfonts/cm/cmex10.pfb><C:/Users/Harold/AppData/Local/Programs/MiKTeX 2.9/fonts/type1/public/amsfonts/cm/cmmi10.pfb><C:/Users/Harold/AppData/Local/Programs/MiKTeX 2.9/fonts/type1/public/amsfonts/cm/cmmi5.pfb><C:/Users/Harold/AppData/Local/Programs/MiKTeX 2.9/fonts/type1/public/amsfonts/cm/cmmi7.pfb><C:/Users/Harold/AppData/Local/Programs/MiKTeX 2.9/fonts/type1/public/amsfonts/cm/cmr10.pfb><C:/Users/Harold/AppData/Local/Programs/MiKTeX 2.9/fonts/type1/public/amsfonts/cm/cmr17.pfb><C:/Users/Harold/AppData/Local/Programs/MiKTeX 2.9/fonts/type1/public/amsfonts/cm/cmr5.pfb><C:/Users/Harold/AppData/Local/Programs/MiKTeX 2.9/fonts/type1/public/amsfonts/cm/cmr7.pfb><C:/Users/Harold/AppData/Local/Programs/MiKTeX 2.9/fonts/type1/public/amsfonts/cm/cmsl10.pfb><C:/Users/Harold/AppData/Local/Programs/MiKTeX 2.9/fonts/type1/public/amsfonts/cm/cmss10.pfb><C:/Users/Harold/AppData/Local/Programs/MiKTeX 2.9/fonts/type1/public/amsfonts/cm/cmsy10.pfb><C:/Users/Harold/AppData/Local/Programs/MiKTeX 2.9/fonts/type1/public/amsfonts/cm/cmsy7.pfb><C:/Users/Harold/AppData/Local/Programs/MiKTeX 2.9/fonts/type1/public/amsfonts/cm/cmti10.pfb><C:/Users/Harold/AppData/Local/Programs/MiKTeX 2.9/fonts/type1/public/amsfonts/cm/cmtt10.pfb><C:/Users/Harold/AppData/Local/Programs/MiKTeX 2.9/fonts/type1/public/amsfonts/symbols/msbm10.pfb>
Output written on ps1.pdf (34 pages, 568545 bytes).
PDF statistics:
 210 PDF objects out of 1000 (max. 8388607)
 0 named destinations out of 1000 (max. 500000)
 86 words of extra memory for PDF output out of 10000 (max. 10000000)

